<!DOCTYPE html PUBLIC "-//W3C//DTD XHTML 1.1//EN" "https://www.w3.org/TR/xhtml11/DTD/xhtml11.dtd">
<html xmlns="https://www.w3.org/1999/xhtml">
<head>
<meta http-equiv="content-type" content="text/html; charset=UTF-8"/>
<title>TestNG Report</title>
<style type="text/css">table {margin-bottom:10px;border-collapse:collapse;empty-cells:show}th,td {border:1px solid #009;padding:.25em .5em}th {vertical-align:bottom}td {vertical-align:top}table a {font-weight:bold}.stripe td {background-color: #E6EBF9}.num {text-align:right}.passedodd td {background-color: #3F3}.passedeven td {background-color: #0A0}.skippedodd td {background-color: #DDD}.skippedeven td {background-color: #CCC}.failedodd td,.attn {background-color: #F33}.failedeven td,.stripe .attn {background-color: #D00}.stacktrace {white-space:pre;font-family:monospace}.totop {font-size:85%;text-align:center;border-bottom:2px solid #000}.invisible {display:none}</style>
</head>
<body>
<table>
<tr><th>Test</th><th># Passed</th><th># Skipped</th><th># Retried</th><th># Failed</th><th>Time (ms)</th><th>Included Groups</th><th>Excluded Groups</th></tr>
<tr><th colspan="8">Suite</th></tr>
<tr><td><a href="#t0">Test</a></td><td class="num">6</td><td class="num">0</td><td class="num">0</td><td class="num attn">2</td><td class="num">93,120</td><td></td><td></td></tr>
</table>
<table id='summary'><thead><tr><th>Class</th><th>Method</th><th>Start</th><th>Time (ms)</th></tr></thead><tbody><tr><th colspan="4">Suite</th></tr></tbody><tbody id="t0"><tr><th colspan="4">Test &#8212; failed</th></tr><tr class="failedeven"><td rowspan="1">com.GCodes.TestCases.TC_Cart_validation_004</td><td><a href="#m0">TC_CartAddRemove</a></td><td rowspan="1">1650269384380</td><td rowspan="1">46511</td></tr><tr class="failedodd"><td rowspan="1">com.GCodes.TestCases.TC_Issuance_Importer_005</td><td><a href="#m1">TC_Invalid_Import_InvalidFile</a></td><td rowspan="1">1650269381611</td><td rowspan="1">51350</td></tr><tr><th colspan="4">Test &#8212; passed</th></tr><tr class="passedeven"><td rowspan="1">com.GCodes.TestCases.TC_GCodesLogin_001</td><td><a href="#m2">TC_GCodes_Login</a></td><td rowspan="1">1650269381213</td><td rowspan="1">53096</td></tr><tr class="passedodd"><td rowspan="2">com.GCodes.TestCases.TC_Issuance_Importer_005</td><td><a href="#m3">TC_EmptyFile_validation</a></td><td rowspan="1">1650269382457</td><td rowspan="1">53092</td></tr><tr class="passedodd"><td><a href="#m4">Valid_ImportTest</a></td><td rowspan="1">1650269384419</td><td rowspan="1">63240</td></tr><tr class="passedeven"><td rowspan="1">com.GCodes.TestCases.TC_Login_Validations_002</td><td><a href="#m5">TC_GCodes_LoginValidations</a></td><td rowspan="1">1650269381120</td><td rowspan="1">58831</td></tr><tr class="passedodd"><td rowspan="1">com.GCodes.TestCases.TC_SendCode_006</td><td><a href="#m6">TC_SendCode</a></td><td rowspan="1">1650269439228</td><td rowspan="1">21248</td></tr><tr class="passedeven"><td rowspan="1">com.GCodes.TestCases.TC_Wallet_003</td><td><a href="#m7">TC_Invalid_Wallet</a></td><td rowspan="1">1650269381184</td><td rowspan="1">46157</td></tr></tbody>
</table>
<h2>Test</h2><h3 id="m0">com.GCodes.TestCases.TC_Cart_validation_004#TC_CartAddRemove</h3><table class="result"><tr><th>Exception</th></tr><tr><td><div class="stacktrace">org.openqa.selenium.NoSuchElementException: no such element: Unable to locate element: {&quot;method&quot;:&quot;xpath&quot;,&quot;selector&quot;:&quot;//*[@id=&apos;username&apos;]&quot;}
  (Session info: chrome=100.0.4896.127)
For documentation on this error, please visit: https://www.seleniumhq.org/exceptions/no_such_element.html
Build info: version: &apos;3.141.59&apos;, revision: &apos;e82be7d358&apos;, time: &apos;2018-11-14T08:17:03&apos;
System info: host: &apos;0753-0883&apos;, ip: &apos;10.69.68.230&apos;, os.name: &apos;Windows 8.1&apos;, os.arch: &apos;amd64&apos;, os.version: &apos;6.3&apos;, java.version: &apos;1.8.0_311&apos;
Driver info: org.openqa.selenium.chrome.ChromeDriver
Capabilities {acceptInsecureCerts: false, browserName: chrome, browserVersion: 100.0.4896.127, chrome: {chromedriverVersion: 100.0.4896.60 (6a5d10861ce8..., userDataDir: C:\Users\admin\AppData\Loca...}, goog:chromeOptions: {debuggerAddress: localhost:53904}, javascriptEnabled: true, networkConnectionEnabled: false, pageLoadStrategy: normal, platform: WINDOWS, platformName: WINDOWS, proxy: Proxy(), setWindowRect: true, strictFileInteractability: false, timeouts: {implicit: 0, pageLoad: 300000, script: 30000}, unhandledPromptBehavior: dismiss and notify, webauthn:extension:credBlob: true, webauthn:extension:largeBlob: true, webauthn:virtualAuthenticators: true}
Session ID: d32f9474df59c1cbd321d29721635bb4
*** Element info: {Using=xpath, value=//*[@id=&apos;username&apos;]}
	at org.openqa.selenium.remote.http.W3CHttpResponseCodec.createException(W3CHttpResponseCodec.java:187)
	at org.openqa.selenium.remote.http.W3CHttpResponseCodec.decode(W3CHttpResponseCodec.java:122)
	at org.openqa.selenium.remote.http.W3CHttpResponseCodec.decode(W3CHttpResponseCodec.java:49)
	at org.openqa.selenium.remote.HttpCommandExecutor.execute(HttpCommandExecutor.java:158)
	at org.openqa.selenium.remote.service.DriverCommandExecutor.execute(DriverCommandExecutor.java:83)
	at org.openqa.selenium.remote.RemoteWebDriver.execute(RemoteWebDriver.java:552)
	at org.openqa.selenium.remote.RemoteWebDriver.findElement(RemoteWebDriver.java:323)
	at org.openqa.selenium.remote.RemoteWebDriver.findElementByXPath(RemoteWebDriver.java:428)
	at org.openqa.selenium.By$ByXPath.findElement(By.java:353)
	at org.openqa.selenium.remote.RemoteWebDriver.findElement(RemoteWebDriver.java:315)
	at org.openqa.selenium.support.pagefactory.DefaultElementLocator.findElement(DefaultElementLocator.java:69)
	at org.openqa.selenium.support.pagefactory.internal.LocatingElementHandler.invoke(LocatingElementHandler.java:38)
	at com.sun.proxy.$Proxy10.clear(Unknown Source)
	at com.GCodes.pageObjects.Login.username(Login.java:38)
	at com.GCodes.TestCases.TC_Cart_validation_004.TC_CartAddRemove(TC_Cart_validation_004.java:38)
	at java.util.concurrent.ThreadPoolExecutor.runWorker(ThreadPoolExecutor.java:1149)
	at java.util.concurrent.ThreadPoolExecutor$Worker.run(ThreadPoolExecutor.java:624)
	at java.lang.Thread.run(Thread.java:748)
... Removed 16 stack frames</div></td></tr></table><p class="totop"><a href="#summary">back to summary</a></p>
<h3 id="m1">com.GCodes.TestCases.TC_Issuance_Importer_005#TC_Invalid_Import_InvalidFile</h3><table class="result"><tr><th>Exception</th></tr><tr><td><div class="stacktrace">java.io.IOException: Failed to copy full contents from &apos;C:\Users\admin\AppData\Local\Temp\screenshot5830625368092294332.png&apos; to &apos;C:\Users\admin\eclipse-workspace\GCodes\Screenshots\Importer Screen.png&apos; Expected length: 41095 Actual: 0
	at org.apache.commons.io.FileUtils.requireEqualSizes(FileUtils.java:2684)
	at org.apache.commons.io.FileUtils.copyFile(FileUtils.java:853)
	at org.apache.commons.io.FileUtils.copyFile(FileUtils.java:756)
	at com.GCodes.TestCases.BaseClass.captureScreen(BaseClass.java:78)
	at com.GCodes.TestCases.TC_Issuance_Importer_005.TC_Invalid_Import_InvalidFile(TC_Issuance_Importer_005.java:67)
	at java.util.concurrent.ThreadPoolExecutor.runWorker(ThreadPoolExecutor.java:1149)
	at java.util.concurrent.ThreadPoolExecutor$Worker.run(ThreadPoolExecutor.java:624)
	at java.lang.Thread.run(Thread.java:748)
... Removed 12 stack frames</div></td></tr></table><p class="totop"><a href="#summary">back to summary</a></p>
<h3 id="m2">com.GCodes.TestCases.TC_GCodesLogin_001#TC_GCodes_Login</h3><table class="result"><tr><th class="invisible"/></tr></table><p class="totop"><a href="#summary">back to summary</a></p>
<h3 id="m3">com.GCodes.TestCases.TC_Issuance_Importer_005#TC_EmptyFile_validation</h3><table class="result"><tr><th class="invisible"/></tr></table><p class="totop"><a href="#summary">back to summary</a></p>
<h3 id="m4">com.GCodes.TestCases.TC_Issuance_Importer_005#Valid_ImportTest</h3><table class="result"><tr><th class="invisible"/></tr></table><p class="totop"><a href="#summary">back to summary</a></p>
<h3 id="m5">com.GCodes.TestCases.TC_Login_Validations_002#TC_GCodes_LoginValidations</h3><table class="result"><tr><th class="invisible"/></tr></table><p class="totop"><a href="#summary">back to summary</a></p>
<h3 id="m6">com.GCodes.TestCases.TC_SendCode_006#TC_SendCode</h3><table class="result"><tr><th class="invisible"/></tr></table><p class="totop"><a href="#summary">back to summary</a></p>
<h3 id="m7">com.GCodes.TestCases.TC_Wallet_003#TC_Invalid_Wallet</h3><table class="result"><tr><th class="invisible"/></tr></table><p class="totop"><a href="#summary">back to summary</a></p>
</body>
</html>
